\BOOKMARK [0][-]{chapter.1}{Introduction}{}% 1
\BOOKMARK [1][-]{section.1.1}{Purpose}{chapter.1}% 2
\BOOKMARK [1][-]{section.1.2}{Scope}{chapter.1}% 3
\BOOKMARK [1][-]{section.1.3}{Abbreviations and Definitions}{chapter.1}% 4
\BOOKMARK [1][-]{section.1.4}{Motivation}{chapter.1}% 5
\BOOKMARK [0][-]{chapter.2}{Objective}{}% 6
\BOOKMARK [0][-]{chapter.3}{Design Considerations}{}% 7
\BOOKMARK [1][-]{section.3.1}{Assumptions and Dependencies}{chapter.3}% 8
\BOOKMARK [1][-]{section.3.2}{General Constraints}{chapter.3}% 9
\BOOKMARK [1][-]{section.3.3}{Goals and Guidelines}{chapter.3}% 10
\BOOKMARK [1][-]{section.3.4}{Technology Used}{chapter.3}% 11
\BOOKMARK [0][-]{chapter.4}{Architecture}{}% 12
\BOOKMARK [0][-]{chapter.5}{Design And Implementation}{}% 13
\BOOKMARK [1][-]{section.5.1}{Class Diagrams}{chapter.5}% 14
\BOOKMARK [2][-]{subsection.5.1.1}{Assertions}{section.5.1}% 15
\BOOKMARK [2][-]{subsection.5.1.2}{Configuration Elements}{section.5.1}% 16
\BOOKMARK [2][-]{subsection.5.1.3}{Logic Controllers}{section.5.1}% 17
\BOOKMARK [2][-]{subsection.5.1.4}{Post Processors}{section.5.1}% 18
\BOOKMARK [2][-]{subsection.5.1.5}{PreProcessors}{section.5.1}% 19
\BOOKMARK [0][-]{chapter.6}{Detailed Description}{}% 20
\BOOKMARK [1][-]{section.6.1}{Assertions}{chapter.6}% 21
\BOOKMARK [2][-]{subsection.6.1.1}{Response Assertion}{section.6.1}% 22
\BOOKMARK [2][-]{subsection.6.1.2}{Duration Assertion}{section.6.1}% 23
\BOOKMARK [2][-]{subsection.6.1.3}{Size Assertion}{section.6.1}% 24
\BOOKMARK [2][-]{subsection.6.1.4}{XML Assertion}{section.6.1}% 25
\BOOKMARK [2][-]{subsection.6.1.5}{BeanShell Assertion}{section.6.1}% 26
\BOOKMARK [2][-]{subsection.6.1.6}{MD5Hex Assertion}{section.6.1}% 27
\BOOKMARK [2][-]{subsection.6.1.7}{HTML Assertion}{section.6.1}% 28
\BOOKMARK [2][-]{subsection.6.1.8}{XPath Assertion}{section.6.1}% 29
\BOOKMARK [2][-]{subsection.6.1.9}{XML Schema Assertion}{section.6.1}% 30
\BOOKMARK [2][-]{subsection.6.1.10}{BSF Assertion}{section.6.1}% 31
\BOOKMARK [2][-]{subsection.6.1.11}{JSR223 Assertion}{section.6.1}% 32
\BOOKMARK [2][-]{subsection.6.1.12}{Compare Assertion}{section.6.1}% 33
\BOOKMARK [2][-]{subsection.6.1.13}{SMIME Assertion}{section.6.1}% 34
\BOOKMARK [1][-]{section.6.2}{Configuration Elements}{chapter.6}% 35
\BOOKMARK [2][-]{subsection.6.2.1}{CSV Data Set Config}{section.6.2}% 36
\BOOKMARK [2][-]{subsection.6.2.2}{FTP Request Defaults}{section.6.2}% 37
\BOOKMARK [2][-]{subsection.6.2.3}{HTTP Authorization Manager}{section.6.2}% 38
\BOOKMARK [2][-]{subsection.6.2.4}{HTTP Cache Manager}{section.6.2}% 39
\BOOKMARK [2][-]{subsection.6.2.5}{HTTP Cookie Manager}{section.6.2}% 40
\BOOKMARK [2][-]{subsection.6.2.6}{HTTP Request Defaults}{section.6.2}% 41
\BOOKMARK [2][-]{subsection.6.2.7}{HTTP Header Manager}{section.6.2}% 42
\BOOKMARK [2][-]{subsection.6.2.8}{Java Request Defaults}{section.6.2}% 43
\BOOKMARK [2][-]{subsection.6.2.9}{JDBC Connection Configurations}{section.6.2}% 44
\BOOKMARK [2][-]{subsection.6.2.10}{Keystore Configurations}{section.6.2}% 45
\BOOKMARK [2][-]{subsection.6.2.11}{Login Config Element}{section.6.2}% 46
\BOOKMARK [2][-]{subsection.6.2.12}{LDAP Request Defaults}{section.6.2}% 47
\BOOKMARK [2][-]{subsection.6.2.13}{LDAP Extended Request Refaults}{section.6.2}% 48
\BOOKMARK [2][-]{subsection.6.2.14}{TCP Sampler Config}{section.6.2}% 49
\BOOKMARK [2][-]{subsection.6.2.15}{User Defined Variables}{section.6.2}% 50
\BOOKMARK [2][-]{subsection.6.2.16}{Random variable}{section.6.2}% 51
\BOOKMARK [2][-]{subsection.6.2.17}{Counter}{section.6.2}% 52
\BOOKMARK [2][-]{subsection.6.2.18}{Simple Config Elements}{section.6.2}% 53
\BOOKMARK [1][-]{section.6.3}{Logic Controllers}{chapter.6}% 54
\BOOKMARK [2][-]{subsection.6.3.1}{Once Only Controller}{section.6.3}% 55
\BOOKMARK [2][-]{subsection.6.3.2}{Loop Controller}{section.6.3}% 56
\BOOKMARK [2][-]{subsection.6.3.3}{Interleave Controller}{section.6.3}% 57
\BOOKMARK [2][-]{subsection.6.3.4}{Random Controller}{section.6.3}% 58
\BOOKMARK [2][-]{subsection.6.3.5}{Random Order Controller}{section.6.3}% 59
\BOOKMARK [2][-]{subsection.6.3.6}{Throughput controller}{section.6.3}% 60
\BOOKMARK [2][-]{subsection.6.3.7}{If Controller}{section.6.3}% 61
\BOOKMARK [2][-]{subsection.6.3.8}{While Controller}{section.6.3}% 62
\BOOKMARK [2][-]{subsection.6.3.9}{Module Controller}{section.6.3}% 63
\BOOKMARK [2][-]{subsection.6.3.10}{Include Controller}{section.6.3}% 64
\BOOKMARK [2][-]{subsection.6.3.11}{Transaction Controller}{section.6.3}% 65
\BOOKMARK [2][-]{subsection.6.3.12}{Runtime Controller}{section.6.3}% 66
\BOOKMARK [2][-]{subsection.6.3.13}{Switch Controller}{section.6.3}% 67
\BOOKMARK [2][-]{subsection.6.3.14}{Foreach Controller}{section.6.3}% 68
\BOOKMARK [2][-]{subsection.6.3.15}{Recording Controller}{section.6.3}% 69
\BOOKMARK [1][-]{section.6.4}{Post-Processors}{chapter.6}% 70
\BOOKMARK [2][-]{subsection.6.4.1}{Regular Expression Extractor}{section.6.4}% 71
\BOOKMARK [2][-]{subsection.6.4.2}{CSS/JQuery Extractor}{section.6.4}% 72
\BOOKMARK [2][-]{subsection.6.4.3}{XPath Extractor}{section.6.4}% 73
\BOOKMARK [2][-]{subsection.6.4.4}{Result Status Action Handler}{section.6.4}% 74
\BOOKMARK [2][-]{subsection.6.4.5}{BeanShell PostProcessor}{section.6.4}% 75
\BOOKMARK [2][-]{subsection.6.4.6}{BSF PostProcessor}{section.6.4}% 76
\BOOKMARK [2][-]{subsection.6.4.7}{JSR223 PostProcessor}{section.6.4}% 77
\BOOKMARK [2][-]{subsection.6.4.8}{JDBC PostProcessor}{section.6.4}% 78
\BOOKMARK [1][-]{section.6.5}{PreProcessors}{chapter.6}% 79
\BOOKMARK [2][-]{subsection.6.5.1}{HTML Link Parser}{section.6.5}% 80
\BOOKMARK [2][-]{subsection.6.5.2}{HTTP URL Re-writing Modifier}{section.6.5}% 81
\BOOKMARK [2][-]{subsection.6.5.3}{HTML Parameter Mask}{section.6.5}% 82
\BOOKMARK [2][-]{subsection.6.5.4}{User Parameters}{section.6.5}% 83
\BOOKMARK [2][-]{subsection.6.5.5}{JDBC Preprocessor}{section.6.5}% 84
\BOOKMARK [2][-]{subsection.6.5.6}{RegEx User Parameters}{section.6.5}% 85
\BOOKMARK [2][-]{subsection.6.5.7}{BeanShell Preprocessor}{section.6.5}% 86
\BOOKMARK [2][-]{subsection.6.5.8}{BSF PreProcessor}{section.6.5}% 87
\BOOKMARK [2][-]{subsection.6.5.9}{JSR223 Preprocessor}{section.6.5}% 88
\BOOKMARK [1][-]{section.6.6}{Timers}{chapter.6}% 89
\BOOKMARK [2][-]{subsection.6.6.1}{Constant Timer}{section.6.6}% 90
\BOOKMARK [2][-]{subsection.6.6.2}{Gaussian Random Timer}{section.6.6}% 91
\BOOKMARK [2][-]{subsection.6.6.3}{Uniform Random Timer}{section.6.6}% 92
\BOOKMARK [2][-]{subsection.6.6.4}{Constant Throughput Timer}{section.6.6}% 93
\BOOKMARK [2][-]{subsection.6.6.5}{Synchronising Timer}{section.6.6}% 94
\BOOKMARK [2][-]{subsection.6.6.6}{BSF Timer}{section.6.6}% 95
\BOOKMARK [2][-]{subsection.6.6.7}{Beanshell Timer}{section.6.6}% 96
\BOOKMARK [2][-]{subsection.6.6.8}{JSR223 Timer}{section.6.6}% 97
\BOOKMARK [2][-]{subsection.6.6.9}{Poisson Random Timer}{section.6.6}% 98
\BOOKMARK [1][-]{section.6.7}{Visualizers/Listeners}{chapter.6}% 99
\BOOKMARK [2][-]{subsection.6.7.1}{Graphical Listeners}{section.6.7}% 100
\BOOKMARK [2][-]{subsection.6.7.2}{Tabular Results Listeners}{section.6.7}% 101
\BOOKMARK [2][-]{subsection.6.7.3}{Assertion Results}{section.6.7}% 102
\BOOKMARK [2][-]{subsection.6.7.4}{View Results Tree}{section.6.7}% 103
\BOOKMARK [2][-]{subsection.6.7.5}{Mailer Visualizer}{section.6.7}% 104
\BOOKMARK [2][-]{subsection.6.7.6}{BeanShell Listener}{section.6.7}% 105
\BOOKMARK [2][-]{subsection.6.7.7}{BSF Listener}{section.6.7}% 106
\BOOKMARK [2][-]{subsection.6.7.8}{JSR223 Listener}{section.6.7}% 107
\BOOKMARK [2][-]{subsection.6.7.9}{Comparison Assertion Visualizer}{section.6.7}% 108
\BOOKMARK [1][-]{section.6.8}{Samplers}{chapter.6}% 109
\BOOKMARK [2][-]{subsection.6.8.1}{FTP Request}{section.6.8}% 110
\BOOKMARK [2][-]{subsection.6.8.2}{HTTP Request}{section.6.8}% 111
\BOOKMARK [2][-]{subsection.6.8.3}{JDBC Request}{section.6.8}% 112
\BOOKMARK [2][-]{subsection.6.8.4}{Java Request}{section.6.8}% 113
\BOOKMARK [2][-]{subsection.6.8.5}{SOAP/XML-RPC Request}{section.6.8}% 114
\BOOKMARK [2][-]{subsection.6.8.6}{LDAP Request}{section.6.8}% 115
\BOOKMARK [2][-]{subsection.6.8.7}{Access Log Sampler}{section.6.8}% 116
\BOOKMARK [2][-]{subsection.6.8.8}{BeanShell Sampler}{section.6.8}% 117
\BOOKMARK [2][-]{subsection.6.8.9}{BSF Sampler}{section.6.8}% 118
\BOOKMARK [2][-]{subsection.6.8.10}{JSR223 Sampler}{section.6.8}% 119
\BOOKMARK [2][-]{subsection.6.8.11}{TCP Sampler}{section.6.8}% 120
\BOOKMARK [2][-]{subsection.6.8.12}{JUnit Request}{section.6.8}% 121
\BOOKMARK [2][-]{subsection.6.8.13}{Mail Reader Sampler}{section.6.8}% 122
\BOOKMARK [2][-]{subsection.6.8.14}{Test Action}{section.6.8}% 123
\BOOKMARK [2][-]{subsection.6.8.15}{SMTP Sampler}{section.6.8}% 124
\BOOKMARK [2][-]{subsection.6.8.16}{OS Process Sampler}{section.6.8}% 125
\BOOKMARK [1][-]{section.6.9}{Auto CSV Generation}{chapter.6}% 126
\BOOKMARK [1][-]{section.6.10}{Filtered Results Listener Plugin}{chapter.6}% 127
\BOOKMARK [1][-]{section.6.11}{SMTP Defaults}{chapter.6}% 128
\BOOKMARK [1][-]{section.6.12}{Automating TPC-C Tests in JMeter}{chapter.6}% 129
\BOOKMARK [2][-]{subsection.6.12.1}{The Benchmark Model}{section.6.12}% 130
\BOOKMARK [1][-]{section.6.13}{Bandwidth Throttling}{chapter.6}% 131
\BOOKMARK [1][-]{section.6.14}{Dynamic Bandwidth Throttling}{chapter.6}% 132
\BOOKMARK [1][-]{section.6.15}{IP Spoofing Config Element}{chapter.6}% 133
\BOOKMARK [0][-]{chapter.7}{Graphical User Interface}{}% 134
\BOOKMARK [1][-]{section.7.1}{Auto CSV Generation}{chapter.7}% 135
\BOOKMARK [1][-]{section.7.2}{Filtered Results Listener Plugin}{chapter.7}% 136
\BOOKMARK [1][-]{section.7.3}{SMTP Defaults GUI}{chapter.7}% 137
\BOOKMARK [1][-]{section.7.4}{GUI for TPC-C Sampler}{chapter.7}% 138
\BOOKMARK [1][-]{section.7.5}{Bandwidth Throttling GUI}{chapter.7}% 139
\BOOKMARK [1][-]{section.7.6}{Dynamic Bandwidth Throttling GUI}{chapter.7}% 140
\BOOKMARK [1][-]{section.7.7}{IP Spoofing Config Element GUI}{chapter.7}% 141
\BOOKMARK [0][-]{chapter.8}{Demonstrations of Test Plans}{}% 142
\BOOKMARK [1][-]{section.8.1}{Demonstration of ``Auto CSV Generation'' config element}{chapter.8}% 143
\BOOKMARK [1][-]{section.8.2}{Demonstration of SMTP Defaults Config Element}{chapter.8}% 144
\BOOKMARK [1][-]{section.8.3}{Automatic TPC-C testing in JMeter}{chapter.8}% 145
\BOOKMARK [1][-]{section.8.4}{Demonstration of Bandwidth Throttling in JMeter}{chapter.8}% 146
\BOOKMARK [1][-]{section.8.5}{Demonstration of Dynamic Bandwidth Throttling in JMeter}{chapter.8}% 147
\BOOKMARK [1][-]{section.8.6}{Demonstration of IP spoofing Config Element in JMeter}{chapter.8}% 148
\BOOKMARK [0][-]{chapter.9}{Technical Details}{}% 149
\BOOKMARK [1][-]{section.9.1}{Auto CSV Generation}{chapter.9}% 150
\BOOKMARK [1][-]{section.9.2}{Filtered Results Listener Plugin}{chapter.9}% 151
\BOOKMARK [1][-]{section.9.3}{SMTP Defaults}{chapter.9}% 152
\BOOKMARK [1][-]{section.9.4}{Automating TPC-C tests in JMeter}{chapter.9}% 153
\BOOKMARK [1][-]{section.9.5}{Bandwidth Throttling}{chapter.9}% 154
\BOOKMARK [1][-]{section.9.6}{Dynamic Bandwidth Throttling}{chapter.9}% 155
\BOOKMARK [1][-]{section.9.7}{IP Spoofing Config Element}{chapter.9}% 156
\BOOKMARK [0][-]{chapter.10}{Challenges}{}% 157
\BOOKMARK [0][-]{chapter.11}{Conclusion and Future Work}{}% 158
