2013/07/01 23:36:48 INFO  - jmeter.util.JMeterUtils: Setting Locale to en_IN 
2013/07/01 23:36:48 INFO  - jmeter.JMeter: Loading user properties from: /home/shekhar/Ubuntu One/workspace/apache-jmeter-2.9/bin/user.properties 
2013/07/01 23:36:48 INFO  - jmeter.JMeter: Loading system properties from: /home/shekhar/Ubuntu One/workspace/apache-jmeter-2.9/bin/system.properties 
2013/07/01 23:36:48 INFO  - jmeter.JMeter: Copyright (c) 1998-2013 The Apache Software Foundation 
2013/07/01 23:36:48 INFO  - jmeter.JMeter: Version 2.9 
2013/07/01 23:36:48 INFO  - jmeter.JMeter: java.version=1.7.0_21 
2013/07/01 23:36:48 INFO  - jmeter.JMeter: java.vm.name=OpenJDK Server VM 
2013/07/01 23:36:48 INFO  - jmeter.JMeter: os.name=Linux 
2013/07/01 23:36:48 INFO  - jmeter.JMeter: os.arch=i386 
2013/07/01 23:36:48 INFO  - jmeter.JMeter: os.version=3.8.0-25-generic 
2013/07/01 23:36:48 INFO  - jmeter.JMeter: file.encoding=UTF-8 
2013/07/01 23:36:48 INFO  - jmeter.JMeter: Default Locale=English (India) 
2013/07/01 23:36:48 INFO  - jmeter.JMeter: JMeter  Locale=English (India) 
2013/07/01 23:36:48 INFO  - jmeter.JMeter: JMeterHome=/home/shekhar/Ubuntu One/workspace/apache-jmeter-2.9 
2013/07/01 23:36:48 INFO  - jmeter.JMeter: user.dir  =/home/shekhar/Ubuntu One/workspace/apache-jmeter-2.9/bin 
2013/07/01 23:36:48 INFO  - jmeter.JMeter: PWD       =/home/shekhar/Ubuntu One/workspace/apache-jmeter-2.9/bin 
2013/07/01 23:36:48 INFO  - jmeter.JMeter: IP: 127.0.1.1 Name: spitzer FullName: spitzer 
2013/07/01 23:36:48 INFO  - jmeter.JMeter: Loaded icon properties from org/apache/jmeter/images/icon.properties 
2013/07/01 23:36:49 INFO  - jmeter.engine.util.CompoundVariable: Note: Function class names must contain the string: '.functions.' 
2013/07/01 23:36:49 INFO  - jmeter.engine.util.CompoundVariable: Note: Function class names must not contain the string: '.gui.' 
2013/07/01 23:36:50 INFO  - jmeter.gui.action.LookAndFeelCommand: Using look and feel: com.sun.java.swing.plaf.gtk.GTKLookAndFeel [GTK+, System] 
2013/07/01 23:36:51 INFO  - jmeter.util.BSFTestElement: Registering JMeter version of JavaScript engine as work-round for BSF-22 
2013/07/01 23:36:51 INFO  - jmeter.protocol.http.sampler.HTTPSamplerBase: Cannot find .className property for htmlParser, using default 
2013/07/01 23:36:51 INFO  - jmeter.protocol.http.sampler.HTTPSamplerBase: Parser for text/html is  
2013/07/01 23:36:51 INFO  - jmeter.protocol.http.sampler.HTTPSamplerBase: Parser for application/xhtml+xml is  
2013/07/01 23:36:51 INFO  - jmeter.protocol.http.sampler.HTTPSamplerBase: Parser for application/xml is  
2013/07/01 23:36:51 INFO  - jmeter.protocol.http.sampler.HTTPSamplerBase: Parser for text/xml is  
2013/07/01 23:36:51 INFO  - jmeter.protocol.http.sampler.HTTPSamplerBase: Parser for text/vnd.wap.wml is org.apache.jmeter.protocol.http.parser.RegexpHTMLParser 
2013/07/01 23:36:51 INFO  - jmeter.protocol.http.sampler.HTTPSamplerBase: Reuse SSL session context on subsequent iterations: true 
2013/07/01 23:36:52 INFO  - jmeter.gui.util.MenuFactory: Skipping org.apache.jmeter.protocol.http.modifier.gui.ParamModifierGui 
2013/07/01 23:36:52 INFO  - jmeter.samplers.SampleResult: Note: Sample TimeStamps are START times 
2013/07/01 23:36:52 INFO  - jmeter.samplers.SampleResult: sampleresult.default.encoding is set to ISO-8859-1 
2013/07/01 23:36:52 INFO  - jmeter.samplers.SampleResult: sampleresult.useNanoTime=true 
2013/07/01 23:36:52 INFO  - jmeter.samplers.SampleResult: sampleresult.nanoThreadSleep=5000 
2013/07/01 23:36:53 INFO  - jmeter.visualizers.TableVisualizer: creating filter panel 
2013/07/01 23:36:53 INFO  - jmeter.visualizers.TableVisualizer: created filter panel 
